{"numTotalTestSuites":2,"numPassedTestSuites":2,"numFailedTestSuites":0,"numPendingTestSuites":0,"numTotalTests":4,"numPassedTests":4,"numFailedTests":0,"numPendingTests":0,"numTodoTests":0,"snapshot":{"added":0,"failure":false,"filesAdded":0,"filesRemoved":0,"filesRemovedList":[],"filesUnmatched":0,"filesUpdated":0,"matched":0,"total":0,"unchecked":0,"uncheckedKeysByFile":[],"unmatched":0,"updated":0,"didUpdate":false},"startTime":1783624259726,"success":true,"testResults":[{"assertionResults":[{"ancestorTitles":["CloneRemoteRepositoryModal"],"fullName":"CloneRemoteRepositoryModal shows enterprise locked state and opens profile management when api base URL is missing","status":"passed","title":"shows enterprise locked state and opens profile management when api base URL is missing","duration":215.6908999999996,"failureMessages":[],"meta":{}},{"ancestorTitles":["CloneRemoteRepositoryModal"],"fullName":"CloneRemoteRepositoryModal shows a descriptive message when repository loading fails","status":"passed","title":"shows a descriptive message when repository loading fails","duration":18.63929999999982,"failureMessages":[],"meta":{}},{"ancestorTitles":["CloneRemoteRepositoryModal"],"fullName":"CloneRemoteRepositoryModal shows a descriptive message when the selected profile is not a full OAuth profile","status":"passed","title":"shows a descriptive message when the selected profile is not a full OAuth profile","duration":12.57970000000023,"failureMessages":[],"meta":{}},{"ancestorTitles":["CloneRemoteRepositoryModal"],"fullName":"CloneRemoteRepositoryModal validates URL clone input before invoking clone command","status":"passed","title":"validates URL clone input before invoking clone command","duration":140.61080000000038,"failureMessages":[],"meta":{}}],"startTime":1783624267352,"endTime":1783624267739.6108,"status":"passed","message":"","name":"C:/Users/justi/Documents/Git/general-dev/branch-schematic/branch-schematic/src/features/repository/components/CloneRemoteRepositoryModal.test.tsx"}]}